<?xml version="1.0" encoding="UTF-8"?>
<coverage generated="1713986972020" clover="3.2.0">
  <project timestamp="1713986972020" name="All files">
    <metrics statements="30" coveredstatements="29" conditionals="22" coveredconditionals="18" methods="6" coveredmethods="6" elements="58" coveredelements="53" complexity="0" loc="30" ncloc="30" packages="1" files="2" classes="2"/>
    <file name="calc.js" path="C:\Users\disrct\Desktop\CICD\src\commom\calc.js">
      <metrics statements="12" coveredstatements="11" conditionals="12" coveredconditionals="10" methods="5" coveredmethods="5"/>
      <line num="2" count="1" type="stmt"/>
      <line num="6" count="1" type="stmt"/>
      <line num="10" count="2" type="cond" truecount="2" falsecount="0"/>
      <line num="11" count="1" type="stmt"/>
      <line num="13" count="1" type="stmt"/>
      <line num="18" count="1" type="stmt"/>
      <line num="22" count="4" type="cond" truecount="1" falsecount="1"/>
      <line num="23" count="4" type="cond" truecount="4" falsecount="0"/>
      <line num="24" count="2" type="cond" truecount="3" falsecount="1"/>
      <line num="25" count="2" type="stmt"/>
      <line num="27" count="0" type="stmt"/>
      <line num="31" count="1" type="stmt"/>
    </file>
    <file name="cpf.js" path="C:\Users\disrct\Desktop\CICD\src\commom\cpf.js">
      <metrics statements="18" coveredstatements="18" conditionals="10" coveredconditionals="8" methods="1" coveredmethods="1"/>
      <line num="2" count="7" type="cond" truecount="2" falsecount="0"/>
      <line num="3" count="4" type="stmt"/>
      <line num="6" count="3" type="stmt"/>
      <line num="7" count="3" type="stmt"/>
      <line num="8" count="3" type="stmt"/>
      <line num="9" count="27" type="stmt"/>
      <line num="12" count="3" type="stmt"/>
      <line num="13" count="3" type="cond" truecount="1" falsecount="1"/>
      <line num="15" count="3" type="stmt"/>
      <line num="16" count="3" type="stmt"/>
      <line num="17" count="3" type="stmt"/>
      <line num="18" count="30" type="stmt"/>
      <line num="21" count="3" type="stmt"/>
      <line num="22" count="3" type="cond" truecount="1" falsecount="1"/>
      <line num="24" count="3" type="cond" truecount="4" falsecount="0"/>
      <line num="25" count="2" type="stmt"/>
      <line num="28" count="1" type="stmt"/>
      <line num="31" count="1" type="stmt"/>
    </file>
  </project>
</coverage>
