{"C:\\Users\\disrct\\Desktop\\CICD\\src\\commom\\calc.js": {"path":"C:\\Users\\disrct\\Desktop\\CICD\\src\\commom\\calc.js","statementMap":{"0":{"start":{"line":2,"column":4},"end":{"line":2,"column":17}},"1":{"start":{"line":6,"column":4},"end":{"line":6,"column":17}},"2":{"start":{"line":10,"column":4},"end":{"line":14,"column":5}},"3":{"start":{"line":11,"column":8},"end":{"line":11,"column":21}},"4":{"start":{"line":13,"column":8},"end":{"line":13,"column":20}},"5":{"start":{"line":18,"column":4},"end":{"line":18,"column":17}},"6":{"start":{"line":22,"column":4},"end":{"line":22,"column":28}},"7":{"start":{"line":22,"column":15},"end":{"line":22,"column":28}},"8":{"start":{"line":23,"column":4},"end":{"line":23,"column":41}},"9":{"start":{"line":23,"column":28},"end":{"line":23,"column":41}},"10":{"start":{"line":24,"column":4},"end":{"line":28,"column":5}},"11":{"start":{"line":25,"column":8},"end":{"line":25,"column":20}},"12":{"start":{"line":27,"column":8},"end":{"line":27,"column":21}},"13":{"start":{"line":31,"column":0},"end":{"line":31,"column":55}}},"fnMap":{"0":{"name":"Soma","decl":{"start":{"line":1,"column":9},"end":{"line":1,"column":13}},"loc":{"start":{"line":1,"column":19},"end":{"line":3,"column":1}},"line":1},"1":{"name":"Sub","decl":{"start":{"line":5,"column":9},"end":{"line":5,"column":12}},"loc":{"start":{"line":5,"column":18},"end":{"line":7,"column":1}},"line":5},"2":{"name":"Div","decl":{"start":{"line":9,"column":9},"end":{"line":9,"column":12}},"loc":{"start":{"line":9,"column":18},"end":{"line":15,"column":1}},"line":9},"3":{"name":"Mult","decl":{"start":{"line":17,"column":9},"end":{"line":17,"column":13}},"loc":{"start":{"line":17,"column":19},"end":{"line":19,"column":1}},"line":17},"4":{"name":"CheckPrimeNum","decl":{"start":{"line":21,"column":9},"end":{"line":21,"column":22}},"loc":{"start":{"line":21,"column":25},"end":{"line":29,"column":1}},"line":21}},"branchMap":{"0":{"loc":{"start":{"line":10,"column":4},"end":{"line":14,"column":5}},"type":"if","locations":[{"start":{"line":10,"column":4},"end":{"line":14,"column":5}},{"start":{"line":12,"column":11},"end":{"line":14,"column":5}}],"line":10},"1":{"loc":{"start":{"line":22,"column":4},"end":{"line":22,"column":28}},"type":"if","locations":[{"start":{"line":22,"column":4},"end":{"line":22,"column":28}},{"start":{},"end":{}}],"line":22},"2":{"loc":{"start":{"line":23,"column":4},"end":{"line":23,"column":41}},"type":"if","locations":[{"start":{"line":23,"column":4},"end":{"line":23,"column":41}},{"start":{},"end":{}}],"line":23},"3":{"loc":{"start":{"line":23,"column":7},"end":{"line":23,"column":26}},"type":"binary-expr","locations":[{"start":{"line":23,"column":7},"end":{"line":23,"column":17}},{"start":{"line":23,"column":21},"end":{"line":23,"column":26}}],"line":23},"4":{"loc":{"start":{"line":24,"column":4},"end":{"line":28,"column":5}},"type":"if","locations":[{"start":{"line":24,"column":4},"end":{"line":28,"column":5}},{"start":{"line":26,"column":11},"end":{"line":28,"column":5}}],"line":24},"5":{"loc":{"start":{"line":24,"column":7},"end":{"line":24,"column":37}},"type":"binary-expr","locations":[{"start":{"line":24,"column":8},"end":{"line":24,"column":19}},{"start":{"line":24,"column":25},"end":{"line":24,"column":36}}],"line":24}},"s":{"0":1,"1":1,"2":2,"3":1,"4":1,"5":1,"6":4,"7":0,"8":4,"9":2,"10":2,"11":2,"12":0,"13":1},"f":{"0":1,"1":1,"2":2,"3":1,"4":4},"b":{"0":[1,1],"1":[0,4],"2":[2,2],"3":[4,2],"4":[2,0],"5":[2,2]},"_coverageSchema":"1a1c01bbd47fc00a2c39e90264f33305004495a9","hash":"d662686bf052410d9de5b384fb92190cd4928c58"}
,"C:\\Users\\disrct\\Desktop\\CICD\\src\\commom\\cpf.js": {"path":"C:\\Users\\disrct\\Desktop\\CICD\\src\\commom\\cpf.js","statementMap":{"0":{"start":{"line":2,"column":4},"end":{"line":4,"column":5}},"1":{"start":{"line":3,"column":8},"end":{"line":3,"column":21}},"2":{"start":{"line":6,"column":14},"end":{"line":6,"column":15}},"3":{"start":{"line":7,"column":12},"end":{"line":7,"column":14}},"4":{"start":{"line":8,"column":4},"end":{"line":10,"column":5}},"5":{"start":{"line":8,"column":17},"end":{"line":8,"column":18}},"6":{"start":{"line":9,"column":8},"end":{"line":9,"column":36}},"7":{"start":{"line":12,"column":17},"end":{"line":12,"column":25}},"8":{"start":{"line":13,"column":24},"end":{"line":13,"column":54}},"9":{"start":{"line":15,"column":4},"end":{"line":15,"column":12}},"10":{"start":{"line":16,"column":4},"end":{"line":16,"column":11}},"11":{"start":{"line":17,"column":4},"end":{"line":19,"column":5}},"12":{"start":{"line":17,"column":17},"end":{"line":17,"column":18}},"13":{"start":{"line":18,"column":8},"end":{"line":18,"column":36}},"14":{"start":{"line":21,"column":4},"end":{"line":21,"column":22}},"15":{"start":{"line":22,"column":25},"end":{"line":22,"column":55}},"16":{"start":{"line":24,"column":4},"end":{"line":26,"column":5}},"17":{"start":{"line":25,"column":8},"end":{"line":25,"column":21}},"18":{"start":{"line":28,"column":4},"end":{"line":28,"column":16}},"19":{"start":{"line":31,"column":0},"end":{"line":31,"column":30}}},"fnMap":{"0":{"name":"CheckCpf","decl":{"start":{"line":1,"column":9},"end":{"line":1,"column":17}},"loc":{"start":{"line":1,"column":23},"end":{"line":29,"column":1}},"line":1}},"branchMap":{"0":{"loc":{"start":{"line":2,"column":4},"end":{"line":4,"column":5}},"type":"if","locations":[{"start":{"line":2,"column":4},"end":{"line":4,"column":5}},{"start":{},"end":{}}],"line":2},"1":{"loc":{"start":{"line":13,"column":24},"end":{"line":13,"column":54}},"type":"cond-expr","locations":[{"start":{"line":13,"column":39},"end":{"line":13,"column":40}},{"start":{"line":13,"column":43},"end":{"line":13,"column":54}}],"line":13},"2":{"loc":{"start":{"line":22,"column":25},"end":{"line":22,"column":55}},"type":"cond-expr","locations":[{"start":{"line":22,"column":40},"end":{"line":22,"column":41}},{"start":{"line":22,"column":44},"end":{"line":22,"column":55}}],"line":22},"3":{"loc":{"start":{"line":24,"column":4},"end":{"line":26,"column":5}},"type":"if","locations":[{"start":{"line":24,"column":4},"end":{"line":26,"column":5}},{"start":{},"end":{}}],"line":24},"4":{"loc":{"start":{"line":24,"column":8},"end":{"line":24,"column":82}},"type":"binary-expr","locations":[{"start":{"line":24,"column":8},"end":{"line":24,"column":44}},{"start":{"line":24,"column":48},"end":{"line":24,"column":82}}],"line":24}},"s":{"0":7,"1":4,"2":3,"3":3,"4":3,"5":3,"6":27,"7":3,"8":3,"9":3,"10":3,"11":3,"12":3,"13":30,"14":3,"15":3,"16":3,"17":2,"18":1,"19":1},"f":{"0":7},"b":{"0":[4,3],"1":[3,0],"2":[0,3],"3":[2,1],"4":[3,1]},"_coverageSchema":"1a1c01bbd47fc00a2c39e90264f33305004495a9","hash":"1b141cac8e99262f27bbf21af7a76c2f947220dc"}
}
