TN:
SF:src\commom\calc.js
FN:1,Soma
FN:5,Sub
FN:9,Div
FN:17,Mult
FN:21,CheckPrimeNum
FNF:5
FNH:5
FNDA:1,Soma
FNDA:1,Sub
FNDA:2,Div
FNDA:1,Mult
FNDA:4,CheckPrimeNum
DA:2,1
DA:6,1
DA:10,2
DA:11,1
DA:13,1
DA:18,1
DA:22,4
DA:23,4
DA:24,2
DA:25,2
DA:27,0
DA:31,1
LF:12
LH:11
BRDA:10,0,0,1
BRDA:10,0,1,1
BRDA:22,1,0,0
BRDA:22,1,1,4
BRDA:23,2,0,2
BRDA:23,2,1,2
BRDA:23,3,0,4
BRDA:23,3,1,2
BRDA:24,4,0,2
BRDA:24,4,1,0
BRDA:24,5,0,2
BRDA:24,5,1,2
BRF:12
BRH:10
end_of_record
TN:
SF:src\commom\cpf.js
FN:1,CheckCpf
FNF:1
FNH:1
FNDA:7,CheckCpf
DA:2,7
DA:3,4
DA:6,3
DA:7,3
DA:8,3
DA:9,27
DA:12,3
DA:13,3
DA:15,3
DA:16,3
DA:17,3
DA:18,30
DA:21,3
DA:22,3
DA:24,3
DA:25,2
DA:28,1
DA:31,1
LF:18
LH:18
BRDA:2,0,0,4
BRDA:2,0,1,3
BRDA:13,1,0,3
BRDA:13,1,1,0
BRDA:22,2,0,0
BRDA:22,2,1,3
BRDA:24,3,0,2
BRDA:24,3,1,1
BRDA:24,4,0,3
BRDA:24,4,1,1
BRF:10
BRH:8
end_of_record
